<?xml version="1.0" encoding="UTF-8"?>
<testsuite xmlns:xsi="http://www.w3.org/2001/XMLSchema-instance" xsi:noNamespaceSchemaLocation="https://maven.apache.org/surefire/maven-surefire-plugin/xsd/surefire-test-report.xsd" version="3.0.2" name="ShortUrlTest" time="0.29" tests="8" errors="0" skipped="0" failures="0">
  <properties>
[...]
</properties>
  <testcase name="shortenEmptyUrl" classname="ShortUrlTest" time="0.06">
    <system-err><![CDATA[SLF4J: Failed to load class "org.slf4j.impl.StaticLoggerBinder".
SLF4J: Defaulting to no-operation (NOP) logger implementation
SLF4J: See http://www.slf4j.org/codes.html#StaticLoggerBinder for further details.
]]></system-err>
  </testcase>
  <testcase name="redirectExistingKey" classname="ShortUrlTest" time="0.006"/>
  <testcase name="redirectMissingKey" classname="ShortUrlTest" time="0.002"/>
  <testcase name="shortenBadUrl" classname="ShortUrlTest" time="0.002"/>
  <testcase name="mainPage" classname="ShortUrlTest" time="0.002"/>
  <testcase name="shortenSameUrlSameKey" classname="ShortUrlTest" time="0.003"/>
  <testcase name="shortenKeyIsUnsigned" classname="ShortUrlTest" time="0.002"/>
  <testcase name="shortenValidUrl" classname="ShortUrlTest" time="0.002"/>
</testsuite>